<?xml version="1.0" encoding="UTF-8"?>
<!-- Generated by org.testng.reporters.JUnitReportReporter -->
<testsuite skipped="0" hostname="Andreis-iMac.local" name="core.SubtractTest" tests="4" failures="0" timestamp="30 Aug 2017 05:37:02 GMT" time="0.014" errors="0">
  <testcase name="subtract_test_3_param" time="0.001" classname="core.SubtractTest"/>
  <testcase name="subtract_test_4_param" time="0.001" classname="core.SubtractTest"/>
  <testcase name="subtract_test_2_param" time="0.010" classname="core.SubtractTest"/>
  <testcase name="subtract_test_instanceOf" time="0.002" classname="core.SubtractTest"/>
</testsuite> <!-- core.SubtractTest -->
